[2022-08-24 01:45:26,093] {taskinstance.py:1179} INFO - Dependencies all met for <TaskInstance: raizen_lab_01.carga_arquivo manual__2022-08-24T01:44:21.355935+00:00 [queued]>
[2022-08-24 01:45:26,109] {taskinstance.py:1179} INFO - Dependencies all met for <TaskInstance: raizen_lab_01.carga_arquivo manual__2022-08-24T01:44:21.355935+00:00 [queued]>
[2022-08-24 01:45:26,110] {taskinstance.py:1376} INFO - 
--------------------------------------------------------------------------------
[2022-08-24 01:45:26,111] {taskinstance.py:1377} INFO - Starting attempt 2 of 2
[2022-08-24 01:45:26,111] {taskinstance.py:1378} INFO - 
--------------------------------------------------------------------------------
[2022-08-24 01:45:26,135] {taskinstance.py:1397} INFO - Executing <Task(PythonOperator): carga_arquivo> on 2022-08-24 01:44:21.355935+00:00
[2022-08-24 01:45:26,149] {standard_task_runner.py:52} INFO - Started process 131 to run task
[2022-08-24 01:45:26,156] {standard_task_runner.py:79} INFO - Running: ['***', 'tasks', 'run', 'raizen_lab_01', 'carga_arquivo', 'manual__2022-08-24T01:44:21.355935+00:00', '--job-id', '9626', '--raw', '--subdir', 'DAGS_FOLDER/raizen_lab_01.py', '--cfg-path', '/tmp/tmp9z6lly25', '--error-file', '/tmp/tmpsmapvz24']
[2022-08-24 01:45:26,159] {standard_task_runner.py:80} INFO - Job 9626: Subtask carga_arquivo
[2022-08-24 01:45:26,315] {task_command.py:371} INFO - Running <TaskInstance: raizen_lab_01.carga_arquivo manual__2022-08-24T01:44:21.355935+00:00 [running]> on host b8d797566373
[2022-08-24 01:45:26,474] {taskinstance.py:1591} INFO - Exporting the following env vars:
AIRFLOW_CTX_DAG_OWNER=admin
AIRFLOW_CTX_DAG_ID=raizen_lab_01
AIRFLOW_CTX_TASK_ID=carga_arquivo
AIRFLOW_CTX_EXECUTION_DATE=2022-08-24T01:44:21.355935+00:00
AIRFLOW_CTX_TRY_NUMBER=2
AIRFLOW_CTX_DAG_RUN_ID=manual__2022-08-24T01:44:21.355935+00:00
[2022-08-24 01:45:27,600] {taskinstance.py:1909} ERROR - Task failed with exception
Traceback (most recent call last):
  File "/home/airflow/.local/lib/python3.7/site-packages/pandas/io/sql.py", line 2056, in execute
    cur.execute(*args, **kwargs)
  File "/home/airflow/.local/lib/python3.7/site-packages/pymysql/cursors.py", line 146, in execute
    query = self.mogrify(query, args)
  File "/home/airflow/.local/lib/python3.7/site-packages/pymysql/cursors.py", line 125, in mogrify
    query = query % self._escape_args(args, conn)
TypeError: not all arguments converted during string formatting

The above exception was the direct cause of the following exception:

Traceback (most recent call last):
  File "/home/airflow/.local/lib/python3.7/site-packages/airflow/operators/python.py", line 171, in execute
    return_value = self.execute_callable()
  File "/home/airflow/.local/lib/python3.7/site-packages/airflow/operators/python.py", line 189, in execute_callable
    return self.python_callable(*self.op_args, **self.op_kwargs)
  File "/opt/airflow/dags/raizen_lab_01.py", line 47, in carga_arquivo
    sql.to_sql(frame = df, name='db.modelo',con=con, if_exists='append',index=False)
  File "/home/airflow/.local/lib/python3.7/site-packages/pandas/io/sql.py", line 728, in to_sql
    **engine_kwargs,
  File "/home/airflow/.local/lib/python3.7/site-packages/pandas/io/sql.py", line 2225, in to_sql
    table.create()
  File "/home/airflow/.local/lib/python3.7/site-packages/pandas/io/sql.py", line 856, in create
    if self.exists():
  File "/home/airflow/.local/lib/python3.7/site-packages/pandas/io/sql.py", line 840, in exists
    return self.pd_sql.has_table(self.name, self.schema)
  File "/home/airflow/.local/lib/python3.7/site-packages/pandas/io/sql.py", line 2236, in has_table
    return len(self.execute(query, [name]).fetchall()) > 0
  File "/home/airflow/.local/lib/python3.7/site-packages/pandas/io/sql.py", line 2068, in execute
    raise ex from exc
pandas.io.sql.DatabaseError: Execution failed on sql 'SELECT name FROM sqlite_master WHERE type='table' AND name=?;': not all arguments converted during string formatting
[2022-08-24 01:45:27,617] {taskinstance.py:1420} INFO - Marking task as FAILED. dag_id=raizen_lab_01, task_id=carga_arquivo, execution_date=20220824T014421, start_date=20220824T014526, end_date=20220824T014527
[2022-08-24 01:45:27,634] {standard_task_runner.py:97} ERROR - Failed to execute job 9626 for task carga_arquivo (Execution failed on sql 'SELECT name FROM sqlite_master WHERE type='table' AND name=?;': not all arguments converted during string formatting; 131)
[2022-08-24 01:45:27,658] {local_task_job.py:156} INFO - Task exited with return code 1
[2022-08-24 01:45:27,718] {local_task_job.py:273} INFO - 0 downstream tasks scheduled from follow-on schedule check
